<?xml version="1.0" encoding="UTF-8"?>
<!-- Generated by org.testng.reporters.JUnitXMLReporter -->
<testsuite ignored="1" hostname="DESKTOP-U63UI4D" failures="1" tests="3" name="Orange HRM Regression Test" time="35.791" errors="0" timestamp="2022-08-21T23:38:53 BST">
  <testcase classname="com.qa.orangehrm.tests.LoginPageTest" name="verifyLoginPageTitleTest" time="0.031"/>
  <testcase classname="com.qa.orangehrm.tests.LoginPageTest" name="verifyForgetPassLink" time="0.73"/>
  <testcase classname="com.qa.orangehrm.tests.LoginPageTest" name="LoginTest" time="4.513">
    <failure type="java.lang.AssertionError" message="expected [Lolita S] but found [Manoj c]">
      <![CDATA[java.lang.AssertionError: expected [Lolita S] but found [Manoj c]
at com.qa.orangehrm.tests.LoginPageTest.LoginTest(LoginPageTest.java:82)
at java.base/java.util.ArrayList.forEach(ArrayList.java:1511)
... Removed 33 stack frames]]>
    </failure>
  </testcase> <!-- LoginTest -->
  <testcase classname="com.qa.orangehrm.tests.LoginPageTest" name="login_InvalidTestCase" time="0.0">
    <ignored/>
  </testcase> <!-- login_InvalidTestCase -->
</testsuite> <!-- Orange HRM Regression Test -->
