<?xml version="1.0" encoding="UTF-8"?>
<!-- Generated by org.testng.reporters.JUnitXMLReporter -->
<testsuite ignored="1" hostname="DESKTOP-U63UI4D" failures="2" tests="13" name="Orange HRM Regression Test --chrome" time="130.68" errors="0" timestamp="2022-08-22T09:16:01 BST">
  <testcase classname="com.qa.orangehrm.tests.LoginPageTest" name="verifyLoginPageTitleTest" time="0.075"/>
  <testcase classname="com.qa.orangehrm.tests.HomePageTest" name="verifyHomePageUrl" time="1.978"/>
  <testcase classname="com.qa.orangehrm.tests.LoginPageTest" name="verifyForgetPassLink" time="1.309"/>
  <testcase classname="com.qa.orangehrm.tests.AddEmployeeTest" name="addEmployeeTest" time="9.798"/>
  <testcase classname="com.qa.orangehrm.tests.HomePageTest" name="verifyHomePageTitle" time="2.156"/>
  <testcase classname="com.qa.orangehrm.tests.LoginPageTest" name="LoginTest" time="4.792">
    <failure type="java.lang.AssertionError" message="expected [Lolita S] but found [Manoj c]">
      <![CDATA[java.lang.AssertionError: expected [Lolita S] but found [Manoj c]
at com.qa.orangehrm.tests.LoginPageTest.LoginTest(LoginPageTest.java:91)
at java.base/java.util.concurrent.ThreadPoolExecutor.runWorker(ThreadPoolExecutor.java:1136)
at java.base/java.util.concurrent.ThreadPoolExecutor$Worker.run(ThreadPoolExecutor.java:635)
at java.base/java.lang.Thread.run(Thread.java:833)
... Removed 18 stack frames]]>
    </failure>
  </testcase> <!-- LoginTest -->
  <testcase classname="com.qa.orangehrm.tests.HomePageTest" name="verifyhomePageHeader" time="3.797"/>
  <testcase classname="com.qa.orangehrm.tests.AddEmployeeTest" name="addEmployeeTest" time="9.161"/>
  <testcase classname="com.qa.orangehrm.tests.HomePageTest" name="verifyAccountName" time="2.823">
    <failure type="java.lang.AssertionError" message="expected [Lolita S] but found [Manoj c]">
      <![CDATA[java.lang.AssertionError: expected [Lolita S] but found [Manoj c]
at com.qa.orangehrm.tests.HomePageTest.verifyAccountName(HomePageTest.java:51)
at java.base/java.util.concurrent.ThreadPoolExecutor.runWorker(ThreadPoolExecutor.java:1136)
at java.base/java.util.concurrent.ThreadPoolExecutor$Worker.run(ThreadPoolExecutor.java:635)
at java.base/java.lang.Thread.run(Thread.java:833)
... Removed 18 stack frames]]>
    </failure>
  </testcase> <!-- verifyAccountName -->
  <testcase classname="com.qa.orangehrm.tests.AddEmployeeTest" name="addEmployeeTest" time="7.264"/>
  <testcase classname="com.qa.orangehrm.tests.AddEmployeeTest" name="addEmployeeTest" time="7.589"/>
  <testcase classname="com.qa.orangehrm.tests.AddEmployeeTest" name="addEmployeeTest" time="7.3"/>
  <testcase classname="com.qa.orangehrm.tests.AddEmployeeTest" name="addEmployeeTest" time="7.144"/>
  <testcase classname="com.qa.orangehrm.tests.LoginPageTest" name="login_InvalidTestCase" time="0.0">
    <ignored/>
  </testcase> <!-- login_InvalidTestCase -->
</testsuite> <!-- Orange HRM Regression Test -chrome -->
