<html>
<head>
<title>TestNG:  Orange HRM Regression Test --chrome</title>
<link href="../testng.css" rel="stylesheet" type="text/css" />
<link href="../my-testng.css" rel="stylesheet" type="text/css" />

<style type="text/css">
.log { display: none;} 
.stack-trace { display: none;} 
</style>
<script type="text/javascript">
<!--
function flip(e) {
  current = e.style.display;
  if (current == 'block') {
    e.style.display = 'none';
    return 0;
  }
  else {
    e.style.display = 'block';
    return 1;
  }
}

function toggleBox(szDivId, elem, msg1, msg2)
{
  var res = -1;  if (document.getElementById) {
    res = flip(document.getElementById(szDivId));
  }
  else if (document.all) {
    // this is the way old msie versions work
    res = flip(document.all[szDivId]);
  }
  if(elem) {
    if(res == 0) elem.innerHTML = msg1; else elem.innerHTML = msg2;
  }

}

function toggleAllBoxes() {
  if (document.getElementsByTagName) {
    d = document.getElementsByTagName('div');
    for (i = 0; i < d.length; i++) {
      if (d[i].className == 'log') {
        flip(d[i]);
      }
    }
  }
}

// -->
</script>

</head>
<body>
<h2 align='center'>Orange HRM Regression Test --chrome</h2><table border='1' align="center">
<tr>
<td>Tests passed/Failed/Skipped:</td><td>11/2/0</td>
</tr><tr>
<td>Started on:</td><td>Mon Aug 22 09:13:50 BST 2022</td>
</tr>
<tr><td>Total time:</td><td>130 seconds (130680 ms)</td>
</tr><tr>
<td>Included groups:</td><td></td>
</tr><tr>
<td>Excluded groups:</td><td></td>
</tr>
</table><p/>
<small><i>(Hover the method name to see the test class name)</i></small><p/>
<table width='100%' border='1' class='invocation-failed'>
<tr><td colspan='4' align='center'><b>FAILED TESTS</b></td></tr>
<tr><td><b>Test method</b></td>
<td width="30%"><b>Exception</b></td>
<td width="10%"><b>Time (seconds)</b></td>
<td><b>Instance</b></td>
</tr>
<tr>
<td title='com.qa.orangehrm.tests.LoginPageTest.LoginTest()'><b>LoginTest</b><br>Test class: com.qa.orangehrm.tests.LoginPageTest<br>Test method: verify valid login credentials</td>
<td><div><pre>java.lang.AssertionError: expected [Lolita S] but found [Manoj c]
	at com.qa.orangehrm.tests.LoginPageTest.LoginTest(LoginPageTest.java:91)
	at java.base/java.util.concurrent.ThreadPoolExecutor.runWorker(ThreadPoolExecutor.java:1136)
	at java.base/java.util.concurrent.ThreadPoolExecutor$Worker.run(ThreadPoolExecutor.java:635)
	at java.base/java.lang.Thread.run(Thread.java:833)
... Removed 18 stack frames</pre></div><a href='#' onClick='toggleBox("stack-trace759624066", this, "Click to show all stack frames", "Click to hide stack frames")'>Click to show all stack frames</a>
<div class='stack-trace' id='stack-trace759624066'><pre>java.lang.AssertionError: expected [Lolita S] but found [Manoj c]
	at org.testng.Assert.fail(Assert.java:99)
	at org.testng.Assert.failNotEquals(Assert.java:1037)
	at org.testng.Assert.assertEqualsImpl(Assert.java:140)
	at org.testng.Assert.assertEquals(Assert.java:122)
	at org.testng.Assert.assertEquals(Assert.java:629)
	at org.testng.Assert.assertEquals(Assert.java:639)
	at com.qa.orangehrm.tests.LoginPageTest.LoginTest(LoginPageTest.java:91)
	at java.base/jdk.internal.reflect.NativeMethodAccessorImpl.invoke0(Native Method)
	at java.base/jdk.internal.reflect.NativeMethodAccessorImpl.invoke(NativeMethodAccessorImpl.java:77)
	at java.base/jdk.internal.reflect.DelegatingMethodAccessorImpl.invoke(DelegatingMethodAccessorImpl.java:43)
	at java.base/java.lang.reflect.Method.invoke(Method.java:568)
	at org.testng.internal.MethodInvocationHelper.invokeMethod(MethodInvocationHelper.java:133)
	at org.testng.internal.TestInvoker.invokeMethod(TestInvoker.java:598)
	at org.testng.internal.TestInvoker.invokeTestMethod(TestInvoker.java:173)
	at org.testng.internal.MethodRunner.runInSequence(MethodRunner.java:46)
	at org.testng.internal.TestInvoker$MethodInvocationAgent.invoke(TestInvoker.java:824)
	at org.testng.internal.TestInvoker.invokeTestMethods(TestInvoker.java:146)
	at org.testng.internal.TestMethodWorker.invokeTestMethods(TestMethodWorker.java:146)
	at org.testng.internal.TestMethodWorker.run(TestMethodWorker.java:128)
	at java.base/java.util.concurrent.ThreadPoolExecutor.runWorker(ThreadPoolExecutor.java:1136)
	at java.base/java.util.concurrent.ThreadPoolExecutor$Worker.run(ThreadPoolExecutor.java:635)
	at java.base/java.lang.Thread.run(Thread.java:833)
</pre></div></td>
<td>4</td>
<td>com.qa.orangehrm.tests.LoginPageTest@15ae31b</td></tr>
<tr>
<td title='com.qa.orangehrm.tests.HomePageTest.verifyAccountName()'><b>verifyAccountName</b><br>Test class: com.qa.orangehrm.tests.HomePageTest<br>Test method: verify account name</td>
<td><div><pre>java.lang.AssertionError: expected [Lolita S] but found [Manoj c]
	at com.qa.orangehrm.tests.HomePageTest.verifyAccountName(HomePageTest.java:51)
	at java.base/java.util.concurrent.ThreadPoolExecutor.runWorker(ThreadPoolExecutor.java:1136)
	at java.base/java.util.concurrent.ThreadPoolExecutor$Worker.run(ThreadPoolExecutor.java:635)
	at java.base/java.lang.Thread.run(Thread.java:833)
... Removed 18 stack frames</pre></div><a href='#' onClick='toggleBox("stack-trace867999604", this, "Click to show all stack frames", "Click to hide stack frames")'>Click to show all stack frames</a>
<div class='stack-trace' id='stack-trace867999604'><pre>java.lang.AssertionError: expected [Lolita S] but found [Manoj c]
	at org.testng.Assert.fail(Assert.java:99)
	at org.testng.Assert.failNotEquals(Assert.java:1037)
	at org.testng.Assert.assertEqualsImpl(Assert.java:140)
	at org.testng.Assert.assertEquals(Assert.java:122)
	at org.testng.Assert.assertEquals(Assert.java:629)
	at org.testng.Assert.assertEquals(Assert.java:639)
	at com.qa.orangehrm.tests.HomePageTest.verifyAccountName(HomePageTest.java:51)
	at java.base/jdk.internal.reflect.NativeMethodAccessorImpl.invoke0(Native Method)
	at java.base/jdk.internal.reflect.NativeMethodAccessorImpl.invoke(NativeMethodAccessorImpl.java:77)
	at java.base/jdk.internal.reflect.DelegatingMethodAccessorImpl.invoke(DelegatingMethodAccessorImpl.java:43)
	at java.base/java.lang.reflect.Method.invoke(Method.java:568)
	at org.testng.internal.MethodInvocationHelper.invokeMethod(MethodInvocationHelper.java:133)
	at org.testng.internal.TestInvoker.invokeMethod(TestInvoker.java:598)
	at org.testng.internal.TestInvoker.invokeTestMethod(TestInvoker.java:173)
	at org.testng.internal.MethodRunner.runInSequence(MethodRunner.java:46)
	at org.testng.internal.TestInvoker$MethodInvocationAgent.invoke(TestInvoker.java:824)
	at org.testng.internal.TestInvoker.invokeTestMethods(TestInvoker.java:146)
	at org.testng.internal.TestMethodWorker.invokeTestMethods(TestMethodWorker.java:146)
	at org.testng.internal.TestMethodWorker.run(TestMethodWorker.java:128)
	at java.base/java.util.concurrent.ThreadPoolExecutor.runWorker(ThreadPoolExecutor.java:1136)
	at java.base/java.util.concurrent.ThreadPoolExecutor$Worker.run(ThreadPoolExecutor.java:635)
	at java.base/java.lang.Thread.run(Thread.java:833)
</pre></div></td>
<td>2</td>
<td>com.qa.orangehrm.tests.HomePageTest@428e9be2</td></tr>
</table><p>
<table width='100%' border='1' class='invocation-passed'>
<tr><td colspan='4' align='center'><b>PASSED TESTS</b></td></tr>
<tr><td><b>Test method</b></td>
<td width="30%"><b>Exception</b></td>
<td width="10%"><b>Time (seconds)</b></td>
<td><b>Instance</b></td>
</tr>
<tr>
<td title='com.qa.orangehrm.tests.HomePageTest.verifyHomePageUrl()'><b>verifyHomePageUrl</b><br>Test class: com.qa.orangehrm.tests.HomePageTest<br>Test method: verify account name</td>
<td></td>
<td>1</td>
<td>com.qa.orangehrm.tests.HomePageTest@428e9be2</td></tr>
<tr>
<td title='com.qa.orangehrm.tests.AddEmployeeTest.addEmployeeTest()'><b>addEmployeeTest</b><br>Test class: com.qa.orangehrm.tests.AddEmployeeTest<br>Parameters: yunus , emre, koc</td>
<td></td>
<td>7</td>
<td>com.qa.orangehrm.tests.AddEmployeeTest@3e729d46</td></tr>
<tr>
<td title='com.qa.orangehrm.tests.LoginPageTest.verifyForgetPassLink()'><b>verifyForgetPassLink</b><br>Test class: com.qa.orangehrm.tests.LoginPageTest<br>Test method: verify sign up link is displayed</td>
<td></td>
<td>1</td>
<td>com.qa.orangehrm.tests.LoginPageTest@15ae31b</td></tr>
<tr>
<td title='com.qa.orangehrm.tests.AddEmployeeTest.addEmployeeTest()'><b>addEmployeeTest</b><br>Test class: com.qa.orangehrm.tests.AddEmployeeTest<br>Parameters: meryem , banu, kaya</td>
<td></td>
<td>9</td>
<td>com.qa.orangehrm.tests.AddEmployeeTest@3e729d46</td></tr>
<tr>
<td title='com.qa.orangehrm.tests.HomePageTest.verifyHomePageTitle()'><b>verifyHomePageTitle</b><br>Test class: com.qa.orangehrm.tests.HomePageTest<br>Test method: verify home page title</td>
<td></td>
<td>2</td>
<td>com.qa.orangehrm.tests.HomePageTest@428e9be2</td></tr>
<tr>
<td title='com.qa.orangehrm.tests.AddEmployeeTest.addEmployeeTest()'><b>addEmployeeTest</b><br>Test class: com.qa.orangehrm.tests.AddEmployeeTest<br>Parameters: muteber, aylin, kucuk</td>
<td></td>
<td>7</td>
<td>com.qa.orangehrm.tests.AddEmployeeTest@3e729d46</td></tr>
<tr>
<td title='com.qa.orangehrm.tests.AddEmployeeTest.addEmployeeTest()'><b>addEmployeeTest</b><br>Test class: com.qa.orangehrm.tests.AddEmployeeTest<br>Parameters: esra, merve, kilic</td>
<td></td>
<td>9</td>
<td>com.qa.orangehrm.tests.AddEmployeeTest@3e729d46</td></tr>
<tr>
<td title='com.qa.orangehrm.tests.HomePageTest.verifyhomePageHeader()'><b>verifyhomePageHeader</b><br>Test class: com.qa.orangehrm.tests.HomePageTest<br>Test method: verify home page header</td>
<td></td>
<td>3</td>
<td>com.qa.orangehrm.tests.HomePageTest@428e9be2</td></tr>
<tr>
<td title='com.qa.orangehrm.tests.AddEmployeeTest.addEmployeeTest()'><b>addEmployeeTest</b><br>Test class: com.qa.orangehrm.tests.AddEmployeeTest<br>Parameters: muhammed, mustafa, karabacak</td>
<td></td>
<td>7</td>
<td>com.qa.orangehrm.tests.AddEmployeeTest@3e729d46</td></tr>
<tr>
<td title='com.qa.orangehrm.tests.AddEmployeeTest.addEmployeeTest()'><b>addEmployeeTest</b><br>Test class: com.qa.orangehrm.tests.AddEmployeeTest<br>Parameters: ahmet, mucteba, bay</td>
<td></td>
<td>7</td>
<td>com.qa.orangehrm.tests.AddEmployeeTest@3e729d46</td></tr>
<tr>
<td title='com.qa.orangehrm.tests.LoginPageTest.verifyLoginPageTitleTest()'><b>verifyLoginPageTitleTest</b><br>Test class: com.qa.orangehrm.tests.LoginPageTest<br>Test method: verify page title method</td>
<td></td>
<td>0</td>
<td>com.qa.orangehrm.tests.LoginPageTest@15ae31b</td></tr>
</table><p>
</body>
</html>