<!DOCTYPE html PUBLIC "-//W3C//DTD XHTML 1.1//EN" "https://www.w3.org/TR/xhtml11/DTD/xhtml11.dtd">
<html xmlns="https://www.w3.org/1999/xhtml">
<head>
<meta http-equiv="content-type" content="text/html; charset=UTF-8"/>
<title>TestNG Report</title>
<style type="text/css">table {margin-bottom:10px;border-collapse:collapse;empty-cells:show}th,td {border:1px solid #009;padding:.25em .5em}th {vertical-align:bottom}td {vertical-align:top}table a {font-weight:bold}.stripe td {background-color: #E6EBF9}.num {text-align:right}.passedodd td {background-color: #3F3}.passedeven td {background-color: #0A0}.skippedodd td {background-color: #DDD}.skippedeven td {background-color: #CCC}.failedodd td,.attn {background-color: #F33}.failedeven td,.stripe .attn {background-color: #D00}.stacktrace {white-space:pre;font-family:monospace}.totop {font-size:85%;text-align:center;border-bottom:2px solid #000}.invisible {display:none}</style>
</head>
<body>
<table>
<tr><th>Test</th><th># Passed</th><th># Skipped</th><th># Retried</th><th># Failed</th><th>Time (ms)</th><th>Included Groups</th><th>Excluded Groups</th></tr>
<tr><th colspan="8">Orange HRM Regression Suite</th></tr>
<tr><td><a href="#t0">Orange HRM Regression Test --firefox</a></td><td class="num">11</td><td class="num">0</td><td class="num">0</td><td class="num attn">2</td><td class="num">128,537</td><td></td><td></td></tr>
<tr class="stripe"><td><a href="#t1">Orange HRM Regression Test --chrome</a></td><td class="num">11</td><td class="num">0</td><td class="num">0</td><td class="num attn">2</td><td class="num">130,680</td><td></td><td></td></tr>
<tr><th>Total</th><th class="num">22</th><th class="num">0</th><th class="num">0</th><th class="num attn">4</th><th class="num">259,217</th><th colspan="2"></th></tr>
</table>
<table id='summary'><thead><tr><th>Class</th><th>Method</th><th>Start</th><th>Time (ms)</th></tr></thead><tbody><tr><th colspan="4">Orange HRM Regression Suite</th></tr></tbody><tbody id="t0"><tr><th colspan="4">Orange HRM Regression Test --firefox &#8212; failed</th></tr><tr class="failedeven"><td rowspan="1">com.qa.orangehrm.tests.HomePageTest</td><td><a href="#m0">verifyAccountName</a></td><td rowspan="1">1661156100728</td><td rowspan="1">2580</td></tr><tr class="failedodd"><td rowspan="1">com.qa.orangehrm.tests.LoginPageTest</td><td><a href="#m1">LoginTest</a></td><td rowspan="1">1661156084260</td><td rowspan="1">3465</td></tr><tr><th colspan="4">Orange HRM Regression Test --firefox &#8212; passed</th></tr><tr class="passedeven"><td rowspan="6">com.qa.orangehrm.tests.AddEmployeeTest</td><td><a href="#m2">addEmployeeTest</a></td><td rowspan="6">1661156152188</td><td rowspan="6">7010</td></tr><tr class="passedeven"><td><a href="#m3">addEmployeeTest</a></td></tr><tr class="passedeven"><td><a href="#m4">addEmployeeTest</a></td></tr><tr class="passedeven"><td><a href="#m5">addEmployeeTest</a></td></tr><tr class="passedeven"><td><a href="#m6">addEmployeeTest</a></td></tr><tr class="passedeven"><td><a href="#m7">addEmployeeTest</a></td></tr><tr class="passedodd"><td rowspan="3">com.qa.orangehrm.tests.HomePageTest</td><td><a href="#m8">verifyHomePageTitle</a></td><td rowspan="1">1661156072388</td><td rowspan="1">1896</td></tr><tr class="passedodd"><td><a href="#m9">verifyHomePageUrl</a></td><td rowspan="1">1661156054938</td><td rowspan="1">1975</td></tr><tr class="passedodd"><td><a href="#m10">verifyhomePageHeader</a></td><td rowspan="1">1661156089353</td><td rowspan="1">891</td></tr><tr class="passedeven"><td rowspan="2">com.qa.orangehrm.tests.LoginPageTest</td><td><a href="#m11">verifyForgetPassLink</a></td><td rowspan="1">1661156070426</td><td rowspan="1">727</td></tr><tr class="passedeven"><td><a href="#m12">verifyLoginPageTitleTest</a></td><td rowspan="1">1661156054108</td><td rowspan="1">8</td></tr></tbody>
<tbody id="t1"><tr><th colspan="4">Orange HRM Regression Test --chrome &#8212; failed</th></tr><tr class="failedeven"><td rowspan="1">com.qa.orangehrm.tests.HomePageTest</td><td><a href="#m13">verifyAccountName</a></td><td rowspan="1">1661156097776</td><td rowspan="1">2823</td></tr><tr class="failedodd"><td rowspan="1">com.qa.orangehrm.tests.LoginPageTest</td><td><a href="#m14">LoginTest</a></td><td rowspan="1">1661156077385</td><td rowspan="1">4792</td></tr><tr><th colspan="4">Orange HRM Regression Test --chrome &#8212; passed</th></tr><tr class="passedeven"><td rowspan="6">com.qa.orangehrm.tests.AddEmployeeTest</td><td><a href="#m15">addEmployeeTest</a></td><td rowspan="6">1661156116934</td><td rowspan="6">7589</td></tr><tr class="passedeven"><td><a href="#m16">addEmployeeTest</a></td></tr><tr class="passedeven"><td><a href="#m17">addEmployeeTest</a></td></tr><tr class="passedeven"><td><a href="#m18">addEmployeeTest</a></td></tr><tr class="passedeven"><td><a href="#m19">addEmployeeTest</a></td></tr><tr class="passedeven"><td><a href="#m20">addEmployeeTest</a></td></tr><tr class="passedodd"><td rowspan="3">com.qa.orangehrm.tests.HomePageTest</td><td><a href="#m21">verifyHomePageTitle</a></td><td rowspan="1">1661156068041</td><td rowspan="1">2156</td></tr><tr class="passedodd"><td><a href="#m22">verifyHomePageUrl</a></td><td rowspan="1">1661156053439</td><td rowspan="1">1978</td></tr><tr class="passedodd"><td><a href="#m23">verifyhomePageHeader</a></td><td rowspan="1">1661156081432</td><td rowspan="1">3797</td></tr><tr class="passedeven"><td rowspan="2">com.qa.orangehrm.tests.LoginPageTest</td><td><a href="#m24">verifyForgetPassLink</a></td><td rowspan="1">1661156063418</td><td rowspan="1">1309</td></tr><tr class="passedeven"><td><a href="#m25">verifyLoginPageTitleTest</a></td><td rowspan="1">1661156052378</td><td rowspan="1">75</td></tr></tbody>
</table>
<h2>Orange HRM Regression Test --firefox</h2><h3 id="m0">com.qa.orangehrm.tests.HomePageTest#verifyAccountName</h3><table class="result"><tr><th>Exception</th></tr><tr><td><div class="stacktrace">java.lang.AssertionError: expected [Lolita S] but found [Manoj c]
	at com.qa.orangehrm.tests.HomePageTest.verifyAccountName(HomePageTest.java:51)
	at java.base/java.util.concurrent.ThreadPoolExecutor.runWorker(ThreadPoolExecutor.java:1136)
	at java.base/java.util.concurrent.ThreadPoolExecutor$Worker.run(ThreadPoolExecutor.java:635)
	at java.base/java.lang.Thread.run(Thread.java:833)
... Removed 18 stack frames</div></td></tr></table><p class="totop"><a href="#summary">back to summary</a></p>
<h3 id="m1">com.qa.orangehrm.tests.LoginPageTest#LoginTest</h3><table class="result"><tr><th>Exception</th></tr><tr><td><div class="stacktrace">java.lang.AssertionError: expected [Lolita S] but found [null]
	at com.qa.orangehrm.tests.LoginPageTest.LoginTest(LoginPageTest.java:91)
	at java.base/java.util.concurrent.ThreadPoolExecutor.runWorker(ThreadPoolExecutor.java:1136)
	at java.base/java.util.concurrent.ThreadPoolExecutor$Worker.run(ThreadPoolExecutor.java:635)
	at java.base/java.lang.Thread.run(Thread.java:833)
... Removed 18 stack frames</div></td></tr></table><p class="totop"><a href="#summary">back to summary</a></p>
<h3 id="m2">com.qa.orangehrm.tests.AddEmployeeTest#addEmployeeTest</h3><table class="result"><tr class="param"><th>Parameter #1</th><th>Parameter #2</th><th>Parameter #3</th></tr><tr class="param stripe"><td>muhammed</td><td>mustafa</td><td>karabacak</td></tr></table><p class="totop"><a href="#summary">back to summary</a></p>
<h3 id="m3">com.qa.orangehrm.tests.AddEmployeeTest#addEmployeeTest</h3><table class="result"><tr class="param"><th>Parameter #1</th><th>Parameter #2</th><th>Parameter #3</th></tr><tr class="param stripe"><td>meryem </td><td>banu</td><td>kaya</td></tr></table><p class="totop"><a href="#summary">back to summary</a></p>
<h3 id="m4">com.qa.orangehrm.tests.AddEmployeeTest#addEmployeeTest</h3><table class="result"><tr class="param"><th>Parameter #1</th><th>Parameter #2</th><th>Parameter #3</th></tr><tr class="param stripe"><td>muteber</td><td>aylin</td><td>kucuk</td></tr></table><p class="totop"><a href="#summary">back to summary</a></p>
<h3 id="m5">com.qa.orangehrm.tests.AddEmployeeTest#addEmployeeTest</h3><table class="result"><tr class="param"><th>Parameter #1</th><th>Parameter #2</th><th>Parameter #3</th></tr><tr class="param stripe"><td>yunus </td><td>emre</td><td>koc</td></tr></table><p class="totop"><a href="#summary">back to summary</a></p>
<h3 id="m6">com.qa.orangehrm.tests.AddEmployeeTest#addEmployeeTest</h3><table class="result"><tr class="param"><th>Parameter #1</th><th>Parameter #2</th><th>Parameter #3</th></tr><tr class="param stripe"><td>esra</td><td>merve</td><td>kilic</td></tr></table><p class="totop"><a href="#summary">back to summary</a></p>
<h3 id="m7">com.qa.orangehrm.tests.AddEmployeeTest#addEmployeeTest</h3><table class="result"><tr class="param"><th>Parameter #1</th><th>Parameter #2</th><th>Parameter #3</th></tr><tr class="param stripe"><td>ahmet</td><td>mucteba</td><td>bay</td></tr></table><p class="totop"><a href="#summary">back to summary</a></p>
<h3 id="m8">com.qa.orangehrm.tests.HomePageTest#verifyHomePageTitle</h3><table class="result"><tr><th class="invisible"/></tr></table><p class="totop"><a href="#summary">back to summary</a></p>
<h3 id="m9">com.qa.orangehrm.tests.HomePageTest#verifyHomePageUrl</h3><table class="result"><tr><th class="invisible"/></tr></table><p class="totop"><a href="#summary">back to summary</a></p>
<h3 id="m10">com.qa.orangehrm.tests.HomePageTest#verifyhomePageHeader</h3><table class="result"><tr><th class="invisible"/></tr></table><p class="totop"><a href="#summary">back to summary</a></p>
<h3 id="m11">com.qa.orangehrm.tests.LoginPageTest#verifyForgetPassLink</h3><table class="result"><tr><th class="invisible"/></tr></table><p class="totop"><a href="#summary">back to summary</a></p>
<h3 id="m12">com.qa.orangehrm.tests.LoginPageTest#verifyLoginPageTitleTest</h3><table class="result"><tr><th class="invisible"/></tr></table><p class="totop"><a href="#summary">back to summary</a></p>
<h2>Orange HRM Regression Test --chrome</h2><h3 id="m13">com.qa.orangehrm.tests.HomePageTest#verifyAccountName</h3><table class="result"><tr><th>Exception</th></tr><tr><td><div class="stacktrace">java.lang.AssertionError: expected [Lolita S] but found [Manoj c]
	at com.qa.orangehrm.tests.HomePageTest.verifyAccountName(HomePageTest.java:51)
	at java.base/java.util.concurrent.ThreadPoolExecutor.runWorker(ThreadPoolExecutor.java:1136)
	at java.base/java.util.concurrent.ThreadPoolExecutor$Worker.run(ThreadPoolExecutor.java:635)
	at java.base/java.lang.Thread.run(Thread.java:833)
... Removed 18 stack frames</div></td></tr></table><p class="totop"><a href="#summary">back to summary</a></p>
<h3 id="m14">com.qa.orangehrm.tests.LoginPageTest#LoginTest</h3><table class="result"><tr><th>Exception</th></tr><tr><td><div class="stacktrace">java.lang.AssertionError: expected [Lolita S] but found [Manoj c]
	at com.qa.orangehrm.tests.LoginPageTest.LoginTest(LoginPageTest.java:91)
	at java.base/java.util.concurrent.ThreadPoolExecutor.runWorker(ThreadPoolExecutor.java:1136)
	at java.base/java.util.concurrent.ThreadPoolExecutor$Worker.run(ThreadPoolExecutor.java:635)
	at java.base/java.lang.Thread.run(Thread.java:833)
... Removed 18 stack frames</div></td></tr></table><p class="totop"><a href="#summary">back to summary</a></p>
<h3 id="m15">com.qa.orangehrm.tests.AddEmployeeTest#addEmployeeTest</h3><table class="result"><tr class="param"><th>Parameter #1</th><th>Parameter #2</th><th>Parameter #3</th></tr><tr class="param stripe"><td>yunus </td><td>emre</td><td>koc</td></tr></table><p class="totop"><a href="#summary">back to summary</a></p>
<h3 id="m16">com.qa.orangehrm.tests.AddEmployeeTest#addEmployeeTest</h3><table class="result"><tr class="param"><th>Parameter #1</th><th>Parameter #2</th><th>Parameter #3</th></tr><tr class="param stripe"><td>meryem </td><td>banu</td><td>kaya</td></tr></table><p class="totop"><a href="#summary">back to summary</a></p>
<h3 id="m17">com.qa.orangehrm.tests.AddEmployeeTest#addEmployeeTest</h3><table class="result"><tr class="param"><th>Parameter #1</th><th>Parameter #2</th><th>Parameter #3</th></tr><tr class="param stripe"><td>muteber</td><td>aylin</td><td>kucuk</td></tr></table><p class="totop"><a href="#summary">back to summary</a></p>
<h3 id="m18">com.qa.orangehrm.tests.AddEmployeeTest#addEmployeeTest</h3><table class="result"><tr class="param"><th>Parameter #1</th><th>Parameter #2</th><th>Parameter #3</th></tr><tr class="param stripe"><td>esra</td><td>merve</td><td>kilic</td></tr></table><p class="totop"><a href="#summary">back to summary</a></p>
<h3 id="m19">com.qa.orangehrm.tests.AddEmployeeTest#addEmployeeTest</h3><table class="result"><tr class="param"><th>Parameter #1</th><th>Parameter #2</th><th>Parameter #3</th></tr><tr class="param stripe"><td>muhammed</td><td>mustafa</td><td>karabacak</td></tr></table><p class="totop"><a href="#summary">back to summary</a></p>
<h3 id="m20">com.qa.orangehrm.tests.AddEmployeeTest#addEmployeeTest</h3><table class="result"><tr class="param"><th>Parameter #1</th><th>Parameter #2</th><th>Parameter #3</th></tr><tr class="param stripe"><td>ahmet</td><td>mucteba</td><td>bay</td></tr></table><p class="totop"><a href="#summary">back to summary</a></p>
<h3 id="m21">com.qa.orangehrm.tests.HomePageTest#verifyHomePageTitle</h3><table class="result"><tr><th class="invisible"/></tr></table><p class="totop"><a href="#summary">back to summary</a></p>
<h3 id="m22">com.qa.orangehrm.tests.HomePageTest#verifyHomePageUrl</h3><table class="result"><tr><th class="invisible"/></tr></table><p class="totop"><a href="#summary">back to summary</a></p>
<h3 id="m23">com.qa.orangehrm.tests.HomePageTest#verifyhomePageHeader</h3><table class="result"><tr><th class="invisible"/></tr></table><p class="totop"><a href="#summary">back to summary</a></p>
<h3 id="m24">com.qa.orangehrm.tests.LoginPageTest#verifyForgetPassLink</h3><table class="result"><tr><th class="invisible"/></tr></table><p class="totop"><a href="#summary">back to summary</a></p>
<h3 id="m25">com.qa.orangehrm.tests.LoginPageTest#verifyLoginPageTitleTest</h3><table class="result"><tr><th class="invisible"/></tr></table><p class="totop"><a href="#summary">back to summary</a></p>
</body>
</html>
