<?xml version="1.0" encoding="UTF-8"?>
<!-- Generated by org.testng.reporters.JUnitReportReporter -->
<testsuite hostname="DESKTOP-U63UI4D" failures="2" tests="8" name="com.qa.orangehrm.tests.HomePageTest" time="141.000" errors="0" timestamp="2022-08-22T09:16:01 BST" skipped="0">
  <testcase classname="com.qa.orangehrm.tests.HomePageTest" name="verifyHomePageUrl" time="14.437"/>
  <system-out/>
  <testcase classname="com.qa.orangehrm.tests.HomePageTest" name="verifyHomePageUrl" time="25.785"/>
  <system-out/>
  <testcase classname="com.qa.orangehrm.tests.HomePageTest" name="verifyHomePageTitle" time="16.962"/>
  <system-out/>
  <testcase classname="com.qa.orangehrm.tests.HomePageTest" name="verifyHomePageTitle" time="14.491"/>
  <system-out/>
  <testcase classname="com.qa.orangehrm.tests.HomePageTest" name="verifyhomePageHeader" time="11.369"/>
  <system-out/>
  <testcase classname="com.qa.orangehrm.tests.HomePageTest" name="verifyhomePageHeader" time="15.176"/>
  <system-out/>
  <testcase classname="com.qa.orangehrm.tests.HomePageTest" name="verifyAccountName" time="17.640">
    <failure message="expected [Lolita S] but found [Manoj c]" type="java.lang.AssertionError">
      <![CDATA[java.lang.AssertionError: expected [Lolita S] but found [Manoj c]
at org.testng.Assert.fail(Assert.java:99)
at org.testng.Assert.failNotEquals(Assert.java:1037)
at org.testng.Assert.assertEqualsImpl(Assert.java:140)
at org.testng.Assert.assertEquals(Assert.java:122)
at org.testng.Assert.assertEquals(Assert.java:629)
at org.testng.Assert.assertEquals(Assert.java:639)
at com.qa.orangehrm.tests.HomePageTest.verifyAccountName(HomePageTest.java:51)
at java.base/jdk.internal.reflect.NativeMethodAccessorImpl.invoke0(Native Method)
at java.base/jdk.internal.reflect.NativeMethodAccessorImpl.invoke(NativeMethodAccessorImpl.java:77)
at java.base/jdk.internal.reflect.DelegatingMethodAccessorImpl.invoke(DelegatingMethodAccessorImpl.java:43)
at java.base/java.lang.reflect.Method.invoke(Method.java:568)
at org.testng.internal.MethodInvocationHelper.invokeMethod(MethodInvocationHelper.java:133)
at org.testng.internal.TestInvoker.invokeMethod(TestInvoker.java:598)
at org.testng.internal.TestInvoker.invokeTestMethod(TestInvoker.java:173)
at org.testng.internal.MethodRunner.runInSequence(MethodRunner.java:46)
at org.testng.internal.TestInvoker$MethodInvocationAgent.invoke(TestInvoker.java:824)
at org.testng.internal.TestInvoker.invokeTestMethods(TestInvoker.java:146)
at org.testng.internal.TestMethodWorker.invokeTestMethods(TestMethodWorker.java:146)
at org.testng.internal.TestMethodWorker.run(TestMethodWorker.java:128)
at java.base/java.util.concurrent.ThreadPoolExecutor.runWorker(ThreadPoolExecutor.java:1136)
at java.base/java.util.concurrent.ThreadPoolExecutor$Worker.run(ThreadPoolExecutor.java:635)
at java.base/java.lang.Thread.run(Thread.java:833)
]]>
    </failure>
  </testcase> <!-- verifyAccountName -->
  <system-out/>
  <testcase classname="com.qa.orangehrm.tests.HomePageTest" name="verifyAccountName" time="25.140">
    <failure message="expected [Lolita S] but found [Manoj c]" type="java.lang.AssertionError">
      <![CDATA[java.lang.AssertionError: expected [Lolita S] but found [Manoj c]
at org.testng.Assert.fail(Assert.java:99)
at org.testng.Assert.failNotEquals(Assert.java:1037)
at org.testng.Assert.assertEqualsImpl(Assert.java:140)
at org.testng.Assert.assertEquals(Assert.java:122)
at org.testng.Assert.assertEquals(Assert.java:629)
at org.testng.Assert.assertEquals(Assert.java:639)
at com.qa.orangehrm.tests.HomePageTest.verifyAccountName(HomePageTest.java:51)
at java.base/jdk.internal.reflect.NativeMethodAccessorImpl.invoke0(Native Method)
at java.base/jdk.internal.reflect.NativeMethodAccessorImpl.invoke(NativeMethodAccessorImpl.java:77)
at java.base/jdk.internal.reflect.DelegatingMethodAccessorImpl.invoke(DelegatingMethodAccessorImpl.java:43)
at java.base/java.lang.reflect.Method.invoke(Method.java:568)
at org.testng.internal.MethodInvocationHelper.invokeMethod(MethodInvocationHelper.java:133)
at org.testng.internal.TestInvoker.invokeMethod(TestInvoker.java:598)
at org.testng.internal.TestInvoker.invokeTestMethod(TestInvoker.java:173)
at org.testng.internal.MethodRunner.runInSequence(MethodRunner.java:46)
at org.testng.internal.TestInvoker$MethodInvocationAgent.invoke(TestInvoker.java:824)
at org.testng.internal.TestInvoker.invokeTestMethods(TestInvoker.java:146)
at org.testng.internal.TestMethodWorker.invokeTestMethods(TestMethodWorker.java:146)
at org.testng.internal.TestMethodWorker.run(TestMethodWorker.java:128)
at java.base/java.util.concurrent.ThreadPoolExecutor.runWorker(ThreadPoolExecutor.java:1136)
at java.base/java.util.concurrent.ThreadPoolExecutor$Worker.run(ThreadPoolExecutor.java:635)
at java.base/java.lang.Thread.run(Thread.java:833)
]]>
    </failure>
  </testcase> <!-- verifyAccountName -->
  <system-out/>
</testsuite> <!-- com.qa.orangehrm.tests.HomePageTest -->
